{"C:\\MyProjects\\MediConnectProject\\server\\src\\server.js": {"path":"C:\\MyProjects\\MediConnectProject\\server\\src\\server.js","statementMap":{"0":{"start":{"line":1,"column":1},"end":{"line":1,"column":28}},"1":{"start":{"line":2,"column":16},"end":{"line":2,"column":34}},"2":{"start":{"line":3,"column":13},"end":{"line":3,"column":28}},"3":{"start":{"line":4,"column":22},"end":{"line":4,"column":44}},"4":{"start":{"line":7,"column":22},"end":{"line":7,"column":56}},"5":{"start":{"line":9,"column":12},"end":{"line":9,"column":21}},"6":{"start":{"line":12,"column":0},"end":{"line":12,"column":16}},"7":{"start":{"line":13,"column":0},"end":{"line":13,"column":24}},"8":{"start":{"line":15,"column":0},"end":{"line":15,"column":34}},"9":{"start":{"line":18,"column":0},"end":{"line":21,"column":3}},"10":{"start":{"line":19,"column":2},"end":{"line":19,"column":77}},"11":{"start":{"line":20,"column":2},"end":{"line":20,"column":9}},"12":{"start":{"line":24,"column":0},"end":{"line":24,"column":40}},"13":{"start":{"line":28,"column":0},"end":{"line":30,"column":3}},"14":{"start":{"line":29,"column":2},"end":{"line":29,"column":49}},"15":{"start":{"line":33,"column":0},"end":{"line":33,"column":21}},"16":{"start":{"line":36,"column":0},"end":{"line":52,"column":1}},"17":{"start":{"line":38,"column":2},"end":{"line":38,"column":59}},"18":{"start":{"line":39,"column":2},"end":{"line":39,"column":14}},"19":{"start":{"line":42,"column":15},"end":{"line":42,"column":39}},"20":{"start":{"line":45,"column":2},"end":{"line":51,"column":5}},"21":{"start":{"line":46,"column":4},"end":{"line":46,"column":51}},"22":{"start":{"line":47,"column":4},"end":{"line":47,"column":67}},"23":{"start":{"line":48,"column":4},"end":{"line":48,"column":83}},"24":{"start":{"line":49,"column":4},"end":{"line":49,"column":58}},"25":{"start":{"line":50,"column":4},"end":{"line":50,"column":61}}},"fnMap":{"0":{"name":"(anonymous_0)","decl":{"start":{"line":18,"column":8},"end":{"line":18,"column":9}},"loc":{"start":{"line":18,"column":28},"end":{"line":21,"column":1}},"line":18},"1":{"name":"(anonymous_1)","decl":{"start":{"line":28,"column":13},"end":{"line":28,"column":14}},"loc":{"start":{"line":28,"column":27},"end":{"line":30,"column":1}},"line":28},"2":{"name":"(anonymous_2)","decl":{"start":{"line":45,"column":19},"end":{"line":45,"column":20}},"loc":{"start":{"line":45,"column":25},"end":{"line":51,"column":3}},"line":45}},"branchMap":{"0":{"loc":{"start":{"line":36,"column":0},"end":{"line":52,"column":1}},"type":"if","locations":[{"start":{"line":36,"column":0},"end":{"line":52,"column":1}},{"start":{},"end":{}}],"line":36},"1":{"loc":{"start":{"line":42,"column":15},"end":{"line":42,"column":39}},"type":"binary-expr","locations":[{"start":{"line":42,"column":15},"end":{"line":42,"column":31}},{"start":{"line":42,"column":35},"end":{"line":42,"column":39}}],"line":42}},"s":{"0":1,"1":1,"2":1,"3":1,"4":1,"5":1,"6":1,"7":1,"8":1,"9":1,"10":12,"11":12,"12":1,"13":1,"14":0,"15":1,"16":1,"17":0,"18":0,"19":0,"20":0,"21":0,"22":0,"23":0,"24":0,"25":0},"f":{"0":12,"1":0,"2":0},"b":{"0":[0,1],"1":[0,0]},"_coverageSchema":"1a1c01bbd47fc00a2c39e90264f33305004495a9","hash":"268ad703c8b8666e00ccd7643ec1d150c6babd1c"}
,"C:\\MyProjects\\MediConnectProject\\server\\src\\config\\db.js": {"path":"C:\\MyProjects\\MediConnectProject\\server\\src\\config\\db.js","statementMap":{"0":{"start":{"line":1,"column":18},"end":{"line":1,"column":37}},"1":{"start":{"line":2,"column":30},"end":{"line":2,"column":62}},"2":{"start":{"line":6,"column":18},"end":{"line":27,"column":1}},"3":{"start":{"line":7,"column":2},"end":{"line":26,"column":3}},"4":{"start":{"line":8,"column":4},"end":{"line":8,"column":62}},"5":{"start":{"line":11,"column":4},"end":{"line":11,"column":51}},"6":{"start":{"line":12,"column":21},"end":{"line":12,"column":41}},"7":{"start":{"line":14,"column":4},"end":{"line":14,"column":48}},"8":{"start":{"line":17,"column":17},"end":{"line":17,"column":49}},"9":{"start":{"line":19,"column":4},"end":{"line":19,"column":52}},"10":{"start":{"line":20,"column":4},"end":{"line":20,"column":61}},"11":{"start":{"line":23,"column":4},"end":{"line":23,"column":49}},"12":{"start":{"line":24,"column":4},"end":{"line":24,"column":46}},"13":{"start":{"line":25,"column":4},"end":{"line":25,"column":20}},"14":{"start":{"line":30,"column":16},"end":{"line":37,"column":1}},"15":{"start":{"line":31,"column":2},"end":{"line":36,"column":3}},"16":{"start":{"line":32,"column":4},"end":{"line":32,"column":45}},"17":{"start":{"line":33,"column":4},"end":{"line":33,"column":38}},"18":{"start":{"line":34,"column":4},"end":{"line":34,"column":29}},"19":{"start":{"line":35,"column":4},"end":{"line":35,"column":52}},"20":{"start":{"line":39,"column":0},"end":{"line":39,"column":40}}},"fnMap":{"0":{"name":"(anonymous_0)","decl":{"start":{"line":6,"column":18},"end":{"line":6,"column":19}},"loc":{"start":{"line":6,"column":30},"end":{"line":27,"column":1}},"line":6},"1":{"name":"(anonymous_1)","decl":{"start":{"line":30,"column":16},"end":{"line":30,"column":17}},"loc":{"start":{"line":30,"column":28},"end":{"line":37,"column":1}},"line":30}},"branchMap":{"0":{"loc":{"start":{"line":31,"column":2},"end":{"line":36,"column":3}},"type":"if","locations":[{"start":{"line":31,"column":2},"end":{"line":36,"column":3}},{"start":{},"end":{}}],"line":31}},"s":{"0":1,"1":1,"2":1,"3":0,"4":0,"5":0,"6":0,"7":0,"8":0,"9":0,"10":0,"11":0,"12":0,"13":0,"14":1,"15":0,"16":0,"17":0,"18":0,"19":0,"20":1},"f":{"0":0,"1":0},"b":{"0":[0,0]},"_coverageSchema":"1a1c01bbd47fc00a2c39e90264f33305004495a9","hash":"c7ad8c0240deb8d562b70cb7651d1bcbadef0f98"}
,"C:\\MyProjects\\MediConnectProject\\server\\src\\controllers\\patient.controller.js": {"path":"C:\\MyProjects\\MediConnectProject\\server\\src\\controllers\\patient.controller.js","statementMap":{"0":{"start":{"line":1,"column":16},"end":{"line":1,"column":50}},"1":{"start":{"line":4,"column":20},"end":{"line":11,"column":1}},"2":{"start":{"line":5,"column":2},"end":{"line":10,"column":3}},"3":{"start":{"line":6,"column":21},"end":{"line":6,"column":41}},"4":{"start":{"line":7,"column":4},"end":{"line":7,"column":35}},"5":{"start":{"line":9,"column":4},"end":{"line":9,"column":79}},"6":{"start":{"line":14,"column":22},"end":{"line":22,"column":1}},"7":{"start":{"line":15,"column":2},"end":{"line":21,"column":3}},"8":{"start":{"line":16,"column":23},"end":{"line":16,"column":44}},"9":{"start":{"line":17,"column":25},"end":{"line":17,"column":48}},"10":{"start":{"line":18,"column":4},"end":{"line":18,"column":39}},"11":{"start":{"line":20,"column":4},"end":{"line":20,"column":92}},"12":{"start":{"line":25,"column":23},"end":{"line":35,"column":1}},"13":{"start":{"line":26,"column":2},"end":{"line":34,"column":3}},"14":{"start":{"line":27,"column":20},"end":{"line":27,"column":57}},"15":{"start":{"line":28,"column":4},"end":{"line":30,"column":5}},"16":{"start":{"line":29,"column":6},"end":{"line":29,"column":71}},"17":{"start":{"line":31,"column":4},"end":{"line":31,"column":34}},"18":{"start":{"line":33,"column":4},"end":{"line":33,"column":79}},"19":{"start":{"line":38,"column":22},"end":{"line":52,"column":1}},"20":{"start":{"line":39,"column":2},"end":{"line":51,"column":3}},"21":{"start":{"line":40,"column":27},"end":{"line":44,"column":5}},"22":{"start":{"line":45,"column":4},"end":{"line":47,"column":5}},"23":{"start":{"line":46,"column":6},"end":{"line":46,"column":71}},"24":{"start":{"line":48,"column":4},"end":{"line":48,"column":41}},"25":{"start":{"line":50,"column":4},"end":{"line":50,"column":82}},"26":{"start":{"line":55,"column":22},"end":{"line":65,"column":1}},"27":{"start":{"line":56,"column":2},"end":{"line":64,"column":3}},"28":{"start":{"line":57,"column":27},"end":{"line":57,"column":73}},"29":{"start":{"line":58,"column":4},"end":{"line":60,"column":5}},"30":{"start":{"line":59,"column":6},"end":{"line":59,"column":71}},"31":{"start":{"line":61,"column":4},"end":{"line":61,"column":76}},"32":{"start":{"line":63,"column":4},"end":{"line":63,"column":79}},"33":{"start":{"line":67,"column":0},"end":{"line":73,"column":2}}},"fnMap":{"0":{"name":"(anonymous_0)","decl":{"start":{"line":4,"column":20},"end":{"line":4,"column":21}},"loc":{"start":{"line":4,"column":40},"end":{"line":11,"column":1}},"line":4},"1":{"name":"(anonymous_1)","decl":{"start":{"line":14,"column":22},"end":{"line":14,"column":23}},"loc":{"start":{"line":14,"column":42},"end":{"line":22,"column":1}},"line":14},"2":{"name":"(anonymous_2)","decl":{"start":{"line":25,"column":23},"end":{"line":25,"column":24}},"loc":{"start":{"line":25,"column":43},"end":{"line":35,"column":1}},"line":25},"3":{"name":"(anonymous_3)","decl":{"start":{"line":38,"column":22},"end":{"line":38,"column":23}},"loc":{"start":{"line":38,"column":42},"end":{"line":52,"column":1}},"line":38},"4":{"name":"(anonymous_4)","decl":{"start":{"line":55,"column":22},"end":{"line":55,"column":23}},"loc":{"start":{"line":55,"column":42},"end":{"line":65,"column":1}},"line":55}},"branchMap":{"0":{"loc":{"start":{"line":28,"column":4},"end":{"line":30,"column":5}},"type":"if","locations":[{"start":{"line":28,"column":4},"end":{"line":30,"column":5}},{"start":{},"end":{}}],"line":28},"1":{"loc":{"start":{"line":45,"column":4},"end":{"line":47,"column":5}},"type":"if","locations":[{"start":{"line":45,"column":4},"end":{"line":47,"column":5}},{"start":{},"end":{}}],"line":45},"2":{"loc":{"start":{"line":58,"column":4},"end":{"line":60,"column":5}},"type":"if","locations":[{"start":{"line":58,"column":4},"end":{"line":60,"column":5}},{"start":{},"end":{}}],"line":58}},"s":{"0":1,"1":1,"2":2,"3":2,"4":2,"5":0,"6":1,"7":5,"8":5,"9":5,"10":5,"11":0,"12":1,"13":3,"14":3,"15":3,"16":2,"17":1,"18":0,"19":1,"20":1,"21":1,"22":1,"23":0,"24":1,"25":0,"26":1,"27":1,"28":1,"29":1,"30":0,"31":1,"32":0,"33":1},"f":{"0":2,"1":5,"2":3,"3":1,"4":1},"b":{"0":[2,1],"1":[0,1],"2":[0,1]},"_coverageSchema":"1a1c01bbd47fc00a2c39e90264f33305004495a9","hash":"65a4b12a60f688c9d98dc7454a814ce8eb9662ce"}
,"C:\\MyProjects\\MediConnectProject\\server\\src\\models\\Patient.model.js": {"path":"C:\\MyProjects\\MediConnectProject\\server\\src\\models\\Patient.model.js","statementMap":{"0":{"start":{"line":1,"column":18},"end":{"line":1,"column":37}},"1":{"start":{"line":3,"column":22},"end":{"line":32,"column":2}},"2":{"start":{"line":34,"column":0},"end":{"line":34,"column":58}}},"fnMap":{},"branchMap":{},"s":{"0":2,"1":2,"2":2},"f":{},"b":{},"_coverageSchema":"1a1c01bbd47fc00a2c39e90264f33305004495a9","hash":"92d5efef0a3c93f18f2aec31637f5fbf011f730c"}
,"C:\\MyProjects\\MediConnectProject\\server\\src\\routes\\patient.routes.js": {"path":"C:\\MyProjects\\MediConnectProject\\server\\src\\routes\\patient.routes.js","statementMap":{"0":{"start":{"line":1,"column":16},"end":{"line":1,"column":34}},"1":{"start":{"line":2,"column":15},"end":{"line":2,"column":31}},"2":{"start":{"line":9,"column":4},"end":{"line":9,"column":48}},"3":{"start":{"line":12,"column":0},"end":{"line":12,"column":29}},"4":{"start":{"line":13,"column":0},"end":{"line":13,"column":32}},"5":{"start":{"line":14,"column":0},"end":{"line":14,"column":35}},"6":{"start":{"line":15,"column":0},"end":{"line":15,"column":34}},"7":{"start":{"line":16,"column":0},"end":{"line":16,"column":37}},"8":{"start":{"line":18,"column":0},"end":{"line":18,"column":24}}},"fnMap":{},"branchMap":{},"s":{"0":1,"1":1,"2":1,"3":1,"4":1,"5":1,"6":1,"7":1,"8":1},"f":{},"b":{},"_coverageSchema":"1a1c01bbd47fc00a2c39e90264f33305004495a9","hash":"09567288b16395616e8da4b040ee0116ba72ab94"}
}
