TN:
SF:src\server.js
FN:18,(anonymous_0)
FN:28,(anonymous_1)
FN:45,(anonymous_2)
FNF:3
FNH:1
FNDA:12,(anonymous_0)
FNDA:0,(anonymous_1)
FNDA:0,(anonymous_2)
DA:1,1
DA:2,1
DA:3,1
DA:4,1
DA:7,1
DA:9,1
DA:12,1
DA:13,1
DA:15,1
DA:18,1
DA:19,12
DA:20,12
DA:24,1
DA:28,1
DA:29,0
DA:33,1
DA:36,1
DA:38,0
DA:39,0
DA:42,0
DA:45,0
DA:46,0
DA:47,0
DA:48,0
DA:49,0
DA:50,0
LF:26
LH:16
BRDA:36,0,0,0
BRDA:36,0,1,1
BRDA:42,1,0,0
BRDA:42,1,1,0
BRF:4
BRH:1
end_of_record
TN:
SF:src\config\db.js
FN:6,(anonymous_0)
FN:30,(anonymous_1)
FNF:2
FNH:0
FNDA:0,(anonymous_0)
FNDA:0,(anonymous_1)
DA:1,1
DA:2,1
DA:6,1
DA:7,0
DA:8,0
DA:11,0
DA:12,0
DA:14,0
DA:17,0
DA:19,0
DA:20,0
DA:23,0
DA:24,0
DA:25,0
DA:30,1
DA:31,0
DA:32,0
DA:33,0
DA:34,0
DA:35,0
DA:39,1
LF:21
LH:5
BRDA:31,0,0,0
BRDA:31,0,1,0
BRF:2
BRH:0
end_of_record
TN:
SF:src\controllers\patient.controller.js
FN:4,(anonymous_0)
FN:14,(anonymous_1)
FN:25,(anonymous_2)
FN:38,(anonymous_3)
FN:55,(anonymous_4)
FNF:5
FNH:5
FNDA:2,(anonymous_0)
FNDA:5,(anonymous_1)
FNDA:3,(anonymous_2)
FNDA:1,(anonymous_3)
FNDA:1,(anonymous_4)
DA:1,1
DA:4,1
DA:5,2
DA:6,2
DA:7,2
DA:9,0
DA:14,1
DA:15,5
DA:16,5
DA:17,5
DA:18,5
DA:20,0
DA:25,1
DA:26,3
DA:27,3
DA:28,3
DA:29,2
DA:31,1
DA:33,0
DA:38,1
DA:39,1
DA:40,1
DA:45,1
DA:46,0
DA:48,1
DA:50,0
DA:55,1
DA:56,1
DA:57,1
DA:58,1
DA:59,0
DA:61,1
DA:63,0
DA:67,1
LF:34
LH:27
BRDA:28,0,0,2
BRDA:28,0,1,1
BRDA:45,1,0,0
BRDA:45,1,1,1
BRDA:58,2,0,0
BRDA:58,2,1,1
BRF:6
BRH:4
end_of_record
TN:
SF:src\models\Patient.model.js
FNF:0
FNH:0
DA:1,2
DA:3,2
DA:34,2
LF:3
LH:3
BRF:0
BRH:0
end_of_record
TN:
SF:src\routes\patient.routes.js
FNF:0
FNH:0
DA:1,1
DA:2,1
DA:9,1
DA:12,1
DA:13,1
DA:14,1
DA:15,1
DA:16,1
DA:18,1
LF:9
LH:9
BRF:0
BRH:0
end_of_record
